# JRE version: OpenJDK Runtime Environment (14.0.2+12) (build 14.0.2+12-46)
# Java VM: OpenJDK 64-Bit Server VM (14.0.2+12-46, mixed mode, tiered, compressed oops, g1 gc, windows-amd64)
Heap:
 garbage-first heap   total 108544K, used 54684K [0x0000000084e00000, 0x0000000100000000)
  region size 1024K, 2 young (2048K), 2 survivors (2048K)
 Metaspace       used 25376K, capacity 25807K, committed 25856K, reserved 1073152K
  class space    used 2887K, capacity 3038K, committed 3072K, reserved 1048576K
GC Heap History (13 events):
Event: 1.583 GC heap before
{Heap before GC invocations=0 (full 0):
 garbage-first heap   total 126976K, used 18432K [0x0000000084e00000, 0x0000000100000000)
  region size 1024K, 13 young (13312K), 0 survivors (0K)
 Metaspace       used 16017K, capacity 16267K, committed 16512K, reserved 1064960K
  class space    used 1794K, capacity 1898K, committed 1920K, reserved 1048576K
}
Event: 1.589 GC heap after
{Heap after GC invocations=1 (full 0):
 garbage-first heap   total 126976K, used 8089K [0x0000000084e00000, 0x0000000100000000)
  region size 1024K, 2 young (2048K), 2 survivors (2048K)
 Metaspace       used 16017K, capacity 16267K, committed 16512K, reserved 1064960K
  class space    used 1794K, capacity 1898K, committed 1920K, reserved 1048576K
}
Event: 2.149 GC heap before
{Heap before GC invocations=1 (full 0):
 garbage-first heap   total 126976K, used 19353K [0x0000000084e00000, 0x0000000100000000)
  region size 1024K, 14 young (14336K), 2 survivors (2048K)
 Metaspace       used 19157K, capacity 19441K, committed 19456K, reserved 1067008K
  class space    used 2171K, capacity 2295K, committed 2304K, reserved 1048576K
}
Event: 2.154 GC heap after
{Heap after GC invocations=2 (full 0):
 garbage-first heap   total 126976K, used 10920K [0x0000000084e00000, 0x0000000100000000)
  region size 1024K, 2 young (2048K), 2 survivors (2048K)
 Metaspace       used 19157K, capacity 19441K, committed 19456K, reserved 1067008K
  class space    used 2171K, capacity 2295K, committed 2304K, reserved 1048576K
}
Event: 2.558 GC heap before
{Heap before GC invocations=2 (full 0):
 garbage-first heap   total 126976K, used 24232K [0x0000000084e00000, 0x0000000100000000)
  region size 1024K, 16 young (16384K), 2 survivors (2048K)
 Metaspace       used 20835K, capacity 21125K, committed 21248K, reserved 1069056K
  class space    used 2364K, capacity 2495K, committed 2560K, reserved 1048576K
}
Event: 2.570 GC heap after
{Heap after GC invocations=3 (full 0):
 garbage-first heap   total 126976K, used 19195K [0x0000000084e00000, 0x0000000100000000)
  region size 1024K, 3 young (3072K), 3 survivors (3072K)
 Metaspace       used 20835K, capacity 21125K, committed 21248K, reserved 1069056K
  class space    used 2364K, capacity 2495K, committed 2560K, reserved 1048576K
}
Event: 3.898 GC heap before
{Heap before GC invocations=4 (full 0):
 garbage-first heap   total 68608K, used 58107K [0x0000000084e00000, 0x0000000100000000)
  region size 1024K, 40 young (40960K), 3 survivors (3072K)
 Metaspace       used 25368K, capacity 25743K, committed 25856K, reserved 1073152K
  class space    used 2886K, capacity 3038K, committed 3072K, reserved 1048576K
}
Event: 3.955 GC heap after
{Heap after GC invocations=5 (full 0):
 garbage-first heap   total 76800K, used 35026K [0x0000000084e00000, 0x0000000100000000)
  region size 1024K, 5 young (5120K), 5 survivors (5120K)
 Metaspace       used 25368K, capacity 25743K, committed 25856K, reserved 1073152K
  class space    used 2886K, capacity 3038K, committed 3072K, reserved 1048576K
}
Event: 4.400 GC heap before
{Heap before GC invocations=5 (full 0):
 garbage-first heap   total 76800K, used 51410K [0x0000000084e00000, 0x0000000100000000)
  region size 1024K, 19 young (19456K), 5 survivors (5120K)
 Metaspace       used 25376K, capacity 25807K, committed 25856K, reserved 1073152K
  class space    used 2887K, capacity 3038K, committed 3072K, reserved 1048576K
}
Event: 4.428 GC heap after
{Heap after GC invocations=6 (full 0):
 garbage-first heap   total 76800K, used 44795K [0x0000000084e00000, 0x0000000100000000)
  region size 1024K, 3 young (3072K), 3 survivors (3072K)
 Metaspace       used 25376K, capacity 25807K, committed 25856K, reserved 1073152K
  class space    used 2887K, capacity 3038K, committed 3072K, reserved 1048576K
}
Event: 4.521 GC heap before
{Heap before GC invocations=6 (full 0):
 garbage-first heap   total 76800K, used 55035K [0x0000000084e00000, 0x0000000100000000)
  region size 1024K, 13 young (13312K), 3 survivors (3072K)
 Metaspace       used 25376K, capacity 25807K, committed 25856K, reserved 1073152K
  class space    used 2887K, capacity 3038K, committed 3072K, reserved 1048576K
}
Event: 4.544 GC heap after
{Heap after GC invocations=7 (full 0):
 garbage-first heap   total 76800K, used 50369K [0x0000000084e00000, 0x0000000100000000)
  region size 1024K, 2 young (2048K), 2 survivors (2048K)
 Metaspace       used 25376K, capacity 25807K, committed 25856K, reserved 1073152K
  class space    used 2887K, capacity 3038K, committed 3072K, reserved 1048576K
}
Event: 4.666 GC heap before
{Heap before GC invocations=7 (full 0):
 garbage-first heap   total 76800K, used 56513K [0x0000000084e00000, 0x0000000100000000)
  region size 1024K, 9 young (9216K), 2 survivors (2048K)
 Metaspace       used 25376K, capacity 25807K, committed 25856K, reserved 1073152K
  class space    used 2887K, capacity 3038K, committed 3072K, reserved 1048576K
}

