# JRE version: OpenJDK Runtime Environment (14.0.2+12) (build 14.0.2+12-46)
# Java VM: OpenJDK 64-Bit Server VM (14.0.2+12-46, mixed mode, tiered, compressed oops, g1 gc, windows-amd64)
Heap:
 garbage-first heap   total 114688K, used 67090K [0x0000000084e00000, 0x0000000100000000)
  region size 1024K, 10 young (10240K), 3 survivors (3072K)
 Metaspace       used 25379K, capacity 25743K, committed 25856K, reserved 1073152K
  class space    used 2887K, capacity 3038K, committed 3072K, reserved 1048576K
GC Heap History (14 events):
Event: 1.400 GC heap before
{Heap before GC invocations=0 (full 0):
 garbage-first heap   total 126976K, used 18432K [0x0000000084e00000, 0x0000000100000000)
  region size 1024K, 13 young (13312K), 0 survivors (0K)
 Metaspace       used 16040K, capacity 16267K, committed 16512K, reserved 1064960K
  class space    used 1804K, capacity 1898K, committed 1920K, reserved 1048576K
}
Event: 1.405 GC heap after
{Heap after GC invocations=1 (full 0):
 garbage-first heap   total 126976K, used 8172K [0x0000000084e00000, 0x0000000100000000)
  region size 1024K, 2 young (2048K), 2 survivors (2048K)
 Metaspace       used 16040K, capacity 16267K, committed 16512K, reserved 1064960K
  class space    used 1804K, capacity 1898K, committed 1920K, reserved 1048576K
}
Event: 1.921 GC heap before
{Heap before GC invocations=1 (full 0):
 garbage-first heap   total 126976K, used 20460K [0x0000000084e00000, 0x0000000100000000)
  region size 1024K, 14 young (14336K), 2 survivors (2048K)
 Metaspace       used 19133K, capacity 19440K, committed 19456K, reserved 1067008K
  class space    used 2173K, capacity 2295K, committed 2304K, reserved 1048576K
}
Event: 1.928 GC heap after
{Heap after GC invocations=2 (full 0):
 garbage-first heap   total 126976K, used 10641K [0x0000000084e00000, 0x0000000100000000)
  region size 1024K, 2 young (2048K), 2 survivors (2048K)
 Metaspace       used 19133K, capacity 19440K, committed 19456K, reserved 1067008K
  class space    used 2173K, capacity 2295K, committed 2304K, reserved 1048576K
}
Event: 2.320 GC heap before
{Heap before GC invocations=2 (full 0):
 garbage-first heap   total 126976K, used 22929K [0x0000000084e00000, 0x0000000100000000)
  region size 1024K, 16 young (16384K), 2 survivors (2048K)
 Metaspace       used 20855K, capacity 21125K, committed 21248K, reserved 1069056K
  class space    used 2367K, capacity 2495K, committed 2560K, reserved 1048576K
}
Event: 2.329 GC heap after
{Heap after GC invocations=3 (full 0):
 garbage-first heap   total 126976K, used 19004K [0x0000000084e00000, 0x0000000100000000)
  region size 1024K, 3 young (3072K), 3 survivors (3072K)
 Metaspace       used 20855K, capacity 21125K, committed 21248K, reserved 1069056K
  class space    used 2367K, capacity 2495K, committed 2560K, reserved 1048576K
}
Event: 4.076 GC heap before
{Heap before GC invocations=4 (full 0):
 garbage-first heap   total 71680K, used 59964K [0x0000000084e00000, 0x0000000100000000)
  region size 1024K, 42 young (43008K), 3 survivors (3072K)
 Metaspace       used 25376K, capacity 25743K, committed 25856K, reserved 1073152K
  class space    used 2887K, capacity 3038K, committed 3072K, reserved 1048576K
}
Event: 4.126 GC heap after
{Heap after GC invocations=5 (full 0):
 garbage-first heap   total 79872K, used 35868K [0x0000000084e00000, 0x0000000100000000)
  region size 1024K, 6 young (6144K), 6 survivors (6144K)
 Metaspace       used 25376K, capacity 25743K, committed 25856K, reserved 1073152K
  class space    used 2887K, capacity 3038K, committed 3072K, reserved 1048576K
}
Event: 4.336 GC heap before
{Heap before GC invocations=5 (full 0):
 garbage-first heap   total 79872K, used 46108K [0x0000000084e00000, 0x0000000100000000)
  region size 1024K, 14 young (14336K), 6 survivors (6144K)
 Metaspace       used 25379K, capacity 25743K, committed 25856K, reserved 1073152K
  class space    used 2887K, capacity 3038K, committed 3072K, reserved 1048576K
}
Event: 4.373 GC heap after
{Heap after GC invocations=6 (full 0):
 garbage-first heap   total 79872K, used 43034K [0x0000000084e00000, 0x0000000100000000)
  region size 1024K, 2 young (2048K), 2 survivors (2048K)
 Metaspace       used 25379K, capacity 25743K, committed 25856K, reserved 1073152K
  class space    used 2887K, capacity 3038K, committed 3072K, reserved 1048576K
}
Event: 4.574 GC heap before
{Heap before GC invocations=6 (full 0):
 garbage-first heap   total 79872K, used 55322K [0x0000000084e00000, 0x0000000100000000)
  region size 1024K, 14 young (14336K), 2 survivors (2048K)
 Metaspace       used 25379K, capacity 25743K, committed 25856K, reserved 1073152K
  class space    used 2887K, capacity 3038K, committed 3072K, reserved 1048576K
}
Event: 4.599 GC heap after
{Heap after GC invocations=7 (full 0):
 garbage-first heap   total 106496K, used 49724K [0x0000000084e00000, 0x0000000100000000)
  region size 1024K, 2 young (2048K), 2 survivors (2048K)
 Metaspace       used 25379K, capacity 25743K, committed 25856K, reserved 1073152K
  class space    used 2887K, capacity 3038K, committed 3072K, reserved 1048576K
}
Event: 4.833 GC heap before
{Heap before GC invocations=8 (full 0):
 garbage-first heap   total 106496K, used 66108K [0x0000000084e00000, 0x0000000100000000)
  region size 1024K, 20 young (20480K), 2 survivors (2048K)
 Metaspace       used 25379K, capacity 25743K, committed 25856K, reserved 1073152K
  class space    used 2887K, capacity 3038K, committed 3072K, reserved 1048576K
}
Event: 4.867 GC heap after
{Heap after GC invocations=9 (full 0):
 garbage-first heap   total 106496K, used 57874K [0x0000000084e00000, 0x0000000100000000)
  region size 1024K, 3 young (3072K), 3 survivors (3072K)
 Metaspace       used 25379K, capacity 25743K, committed 25856K, reserved 1073152K
  class space    used 2887K, capacity 3038K, committed 3072K, reserved 1048576K
}

